
> testing-next-13-beta-typescript@0.1.0 build
> next build

Γû▓ Next.js 16.2.4 (Turbopack)
- Environments: .env
- Cache Components enabled

  Creating an optimized production build ...
Γ£ô Compiled successfully in 3.5s
  Running TypeScript ...
  Finished TypeScript in 2.4s ...
  Collecting page data using 12 workers ...
  Generating static pages using 12 workers (0/31) ...
ROOT LAYOUT
DATA FETCH - SINGLE POST
ROOT LAYOUT
DATA FETCH - SINGLE POST
ROOT LAYOUT
DATA FETCH - SINGLE POST
ROOT LAYOUT
DATA FETCH - SINGLE POST
ROOT LAYOUT
DATA FETCH - SINGLE POST
ROOT LAYOUT
DATA FETCH - SINGLE POST
ROOT LAYOUT
DATA FETCH - SINGLE POST
ROOT LAYOUT
DATA FETCH - SINGLE POST
ROOT LAYOUT
ROOT LAYOUT
ROOT LAYOUT
ROOT LAYOUT
ROOT LAYOUT
DATA FETCH - SINGLE POST
ROOT LAYOUT
ROOT LAYOUT
DATA FETCH - SINGLE POST
ROOT LAYOUT
ROOT LAYOUT
ROOT LAYOUT
ROOT LAYOUT
ROOT LAYOUT
POSTTTTTTTT 2025-12-25T11:09:59.830Z object true
ROOT LAYOUT
POSTTTTTTTT 2025-12-25T11:09:59.830Z object true
  Generating static pages using 12 workers (7/31) 
POSTTTTTTTT 2025-12-25T11:02:49.390Z object true
ROOT LAYOUT
POSTTTTTTTT 2025-12-25T11:02:49.390Z object true
POSTTTTTTTT 2025-12-24T10:41:52.375Z object true
POSTTTTTTTT 2025-12-25T13:14:20.673Z object true
ROOT LAYOUT
POSTTTTTTTT 2025-12-24T10:41:52.375Z object true
ROOT LAYOUT
POSTTTTTTTT 2025-12-25T13:14:20.673Z object true
POSTTTTTTTT 2026-05-08T11:55:31.678Z object true
POSTTTTTTTT 2026-05-04T21:14:36.697Z object true
ROOT LAYOUT
POSTTTTTTTT 2026-05-08T11:55:31.678Z object true
ROOT LAYOUT
POSTTTTTTTT 2026-05-04T21:14:36.697Z object true
POSTTTTTTTT 2025-12-29T18:40:57.319Z object true
ROOT LAYOUT
POSTTTTTTTT 2025-12-29T18:40:57.319Z object true
POSTTTTTTTT 2026-03-06T12:54:48.957Z object true
ROOT LAYOUT
POSTTTTTTTT 2026-03-06T12:54:48.957Z object true
ROOT LAYOUT
DATA FETCH - SINGLE POST
ROOT LAYOUT
DATA FETCH - SINGLE POST
ROOT LAYOUT
DATA FETCH - SINGLE POST
ROOT LAYOUT
DATA FETCH - SINGLE POST
ROOT LAYOUT
ROOT LAYOUT
DATA FETCH HOME PAGE1
DATA FETCH - ALL POSTS
ROOT LAYOUT
ROOT LAYOUT
ROOT LAYOUT
  Generating static pages using 12 workers (15/31) 
POSTTTTTTTT 2026-05-08T13:04:17.258Z object true
POSTTTTTTTT 2026-05-08T12:31:45.245Z object true
POSTTTTTTTT 2026-05-08T12:23:53.173Z object true
POSTTTTTTTT 2026-05-08T12:05:50.680Z object true
POSTTTTTTTT 2026-05-08T11:55:31.678Z object true
POSTTTTTTTT 2026-05-04T21:14:36.697Z object true
POSTTTTTTTT 2026-03-06T12:54:48.957Z object true
POSTTTTTTTT 2025-12-29T18:40:57.319Z object true
POSTTTTTTTT 2025-12-25T13:14:20.673Z object true
POSTTTTTTTT 2025-12-25T11:09:59.830Z object true
POSTTTTTTTT 2025-12-25T11:02:49.390Z object true
POSTTTTTTTT 2025-12-24T10:41:52.375Z object true
POSTTTTTTTT 2025-12-23T20:36:24.192Z object true
POSTTTTTTTT 2025-12-23T20:35:17.866Z object true
POSTTTTTTTT 2025-12-23T20:00:08.087Z object true
POSTTTTTTTT 2025-12-23T19:59:57.026Z object true
POSTTTTTTTT 2025-12-22T22:56:21.654Z object true
POSTTTTTTTT 2025-12-22T22:05:42.619Z object true
POSTTTTTTTT 2025-12-10T23:40:41.389Z object true
POSTTTTTTTT 2025-07-14T11:30:13.079Z object true
POSTTTTTTTT 2025-06-29T08:53:06.764Z object true
POSTTTTTTTT 2026-05-08T12:23:53.173Z object true
POSTTTTTTTT 2026-05-08T12:31:45.245Z object true
POSTTTTTTTT 2026-05-08T13:04:17.258Z object true
POSTTTTTTTT 2025-06-29T08:53:06.764Z object true
POSTTTTTTTT 2025-07-14T11:30:13.079Z object true
ROOT LAYOUT
DATA FETCH HOME PAGE1
POSTTTTTTTT 2026-05-08T13:04:17.258Z object true
POSTTTTTTTT 2026-05-08T12:31:45.245Z object true
POSTTTTTTTT 2026-05-08T12:23:53.173Z object true
POSTTTTTTTT 2026-05-08T12:05:50.680Z object true
POSTTTTTTTT 2026-05-08T11:55:31.678Z object true
POSTTTTTTTT 2026-05-04T21:14:36.697Z object true
POSTTTTTTTT 2026-03-06T12:54:48.957Z object true
POSTTTTTTTT 2025-12-29T18:40:57.319Z object true
POSTTTTTTTT 2025-12-25T13:14:20.673Z object true
POSTTTTTTTT 2025-12-25T11:09:59.830Z object true
POSTTTTTTTT 2025-12-25T11:02:49.390Z object true
POSTTTTTTTT 2025-12-24T10:41:52.375Z object true
POSTTTTTTTT 2025-12-23T20:36:24.192Z object true
POSTTTTTTTT 2025-12-23T20:35:17.866Z object true
POSTTTTTTTT 2025-12-23T20:00:08.087Z object true
POSTTTTTTTT 2025-12-23T19:59:57.026Z object true
POSTTTTTTTT 2025-12-22T22:56:21.654Z object true
POSTTTTTTTT 2025-12-22T22:05:42.619Z object true
POSTTTTTTTT 2025-12-10T23:40:41.389Z object true
POSTTTTTTTT 2025-07-14T11:30:13.079Z object true
POSTTTTTTTT 2025-06-29T08:53:06.764Z object true
ROOT LAYOUT
POSTTTTTTTT 2026-05-08T12:23:53.173Z object true
ROOT LAYOUT
POSTTTTTTTT 2026-05-08T12:31:45.245Z object true
ROOT LAYOUT
POSTTTTTTTT 2026-05-08T13:04:17.258Z object true
ROOT LAYOUT
POSTTTTTTTT 2025-06-29T08:53:06.764Z object true
ROOT LAYOUT
POSTTTTTTTT 2025-07-14T11:30:13.079Z object true
ROOT LAYOUT
DATA FETCH - SINGLE POST
ROOT LAYOUT
DATA FETCH - SINGLE POST
ROOT LAYOUT
DATA FETCH - SINGLE POST
ROOT LAYOUT
DATA FETCH - SINGLE POST
ROOT LAYOUT
DATA FETCH - SINGLE POST
ROOT LAYOUT
DATA FETCH - SINGLE POST
ROOT LAYOUT
DATA FETCH - SINGLE POST
POSTTTTTTTT 2026-05-08T12:05:50.680Z object true
ROOT LAYOUT
POSTTTTTTTT 2026-05-08T12:05:50.680Z object true
  Generating static pages using 12 workers (23/31) 
POSTTTTTTTT 2025-12-23T20:35:17.866Z object true
POSTTTTTTTT 2025-12-23T20:00:08.087Z object true
ROOT LAYOUT
POSTTTTTTTT 2025-12-23T20:35:17.866Z object true
ROOT LAYOUT
POSTTTTTTTT 2025-12-23T20:00:08.087Z object true
POSTTTTTTTT 2025-12-22T22:56:21.654Z object true
POSTTTTTTTT 2025-12-23T20:36:24.192Z object true
ROOT LAYOUT
POSTTTTTTTT 2025-12-22T22:56:21.654Z object true
ROOT LAYOUT
POSTTTTTTTT 2025-12-23T20:36:24.192Z object true
POSTTTTTTTT 2025-12-22T22:05:42.619Z object true
ROOT LAYOUT
POSTTTTTTTT 2025-12-22T22:05:42.619Z object true
POSTTTTTTTT 2025-12-10T23:40:41.389Z object true
ROOT LAYOUT
POSTTTTTTTT 2025-12-10T23:40:41.389Z object true
POSTTTTTTTT 2025-12-23T19:59:57.026Z object true
ROOT LAYOUT
POSTTTTTTTT 2025-12-23T19:59:57.026Z object true
ROOT LAYOUT
ROOT LAYOUT
Γ£ô Generating static pages using 12 workers (31/31) in 5.6s
  Finalizing page optimization ...

Route (app)                     Revalidate  Expire
Γöî ΓùÉ /                                  15m      1y
Γö£ ΓùÉ /_not-found
Γö£ ΓùÉ /[post]                            15m      1y
Γöé Γö£ /[post]                            15m      1y
Γöé Γö£ /cmchfmx570005vduwwz1holom         15m      1y
Γöé Γö£ /cmd30uqjb000129rneyu4t2xj         15m      1y
Γöé Γöö [+19 more paths]
Γö£ ΓùÉ /about
Γö£ ╞Æ /api/auth/[...nextauth]
Γö£ ΓùÉ /deep-galaxy
Γö£ ΓùÉ /edit-suggestions
Γö£ ΓùÉ /halftone-waves
Γö£ ΓùÉ /privacypolicy
Γöö ΓùÉ /userposts


ΓùÉ  (Partial Prerender)  prerendered as static HTML with dynamic server-streamed content
╞Æ  (Dynamic)            server-rendered on demand

